# JRE version: OpenJDK Runtime Environment (8.0_76-b03) (build 1.8.0_76-release-b03)
# Java VM: OpenJDK 64-Bit Server VM (25.76-b03 mixed mode linux-amd64 compressed oops)
Heap:
 PSYoungGen      total 634368K, used 0K [0x0000000780000000, 0x00000007c0000000, 0x00000007c0000000)
  eden space 375808K, 0% used [0x0000000780000000,0x0000000780000000,0x0000000796f00000)
  from space 258560K, 0% used [0x00000007b0380000,0x00000007b0380000,0x00000007c0000000)
  to   space 336384K, 21% used [0x0000000796f00000,0x000000079b6d3e40,0x00000007ab780000)
 ParOldGen       total 671744K, used 671258K [0x0000000700000000, 0x0000000729000000, 0x0000000780000000)
  object space 671744K, 99% used [0x0000000700000000,0x0000000728f86940,0x0000000729000000)
 Metaspace       used 6586K, capacity 7280K, committed 7552K, reserved 1056768K
  class space    used 596K, capacity 616K, committed 640K, reserved 1048576K
GC Heap History (10 events):
Event: 13.819 GC heap after
Heap after GC invocations=13 (full 2):
 PSYoungGen      total 816640K, used 94066K [0x0000000780000000, 0x00000007c0000000, 0x00000007c0000000)
  eden space 584704K, 0% used [0x0000000780000000,0x0000000780000000,0x00000007a3b00000)
  from space 231936K, 40% used [0x00000007a3b00000,0x00000007a96dc8f0,0x00000007b1d80000)
  to   space 221696K, 0% used [0x00000007b2780000,0x00000007b2780000,0x00000007c0000000)
 ParOldGen       total 615936K, used 461127K [0x0000000700000000, 0x0000000725980000, 0x0000000780000000)
  object space 615936K, 74% used [0x0000000700000000,0x000000071c251f90,0x0000000725980000)
 Metaspace       used 6574K, capacity 7280K, committed 7552K, reserved 1056768K
  class space    used 595K, capacity 616K, committed 640K, reserved 1048576K
}
Event: 14.947 GC heap before
{Heap before GC invocations=14 (full 2):
 PSYoungGen      total 816640K, used 678770K [0x0000000780000000, 0x00000007c0000000, 0x00000007c0000000)
  eden space 584704K, 100% used [0x0000000780000000,0x00000007a3b00000,0x00000007a3b00000)
  from space 231936K, 40% used [0x00000007a3b00000,0x00000007a96dc8f0,0x00000007b1d80000)
  to   space 221696K, 0% used [0x00000007b2780000,0x00000007b2780000,0x00000007c0000000)
 ParOldGen       total 615936K, used 461127K [0x0000000700000000, 0x0000000725980000, 0x0000000780000000)
  object space 615936K, 74% used [0x0000000700000000,0x000000071c251f90,0x0000000725980000)
 Metaspace       used 6585K, capacity 7280K, committed 7552K, reserved 1056768K
  class space    used 596K, capacity 616K, committed 640K, reserved 1048576K
Event: 15.130 GC heap after
Heap after GC invocations=14 (full 2):
 PSYoungGen      total 779776K, used 181856K [0x0000000780000000, 0x00000007c0000000, 0x00000007c0000000)
  eden space 558080K, 0% used [0x0000000780000000,0x0000000780000000,0x00000007a2100000)
  from space 221696K, 82% used [0x00000007b2780000,0x00000007bd9180d0,0x00000007c0000000)
  to   space 245248K, 0% used [0x00000007a2100000,0x00000007a2100000,0x00000007b1080000)
 ParOldGen       total 615936K, used 461127K [0x0000000700000000, 0x0000000725980000, 0x0000000780000000)
  object space 615936K, 74% used [0x0000000700000000,0x000000071c251f90,0x0000000725980000)
 Metaspace       used 6585K, capacity 7280K, committed 7552K, reserved 1056768K
  class space    used 596K, capacity 616K, committed 640K, reserved 1048576K
}
Event: 16.886 GC heap before
{Heap before GC invocations=15 (full 2):
 PSYoungGen      total 779776K, used 739936K [0x0000000780000000, 0x00000007c0000000, 0x00000007c0000000)
  eden space 558080K, 100% used [0x0000000780000000,0x00000007a2100000,0x00000007a2100000)
  from space 221696K, 82% used [0x00000007b2780000,0x00000007bd9180d0,0x00000007c0000000)
  to   space 245248K, 0% used [0x00000007a2100000,0x00000007a2100000,0x00000007b1080000)
 ParOldGen       total 615936K, used 461127K [0x0000000700000000, 0x0000000725980000, 0x0000000780000000)
  object space 615936K, 74% used [0x0000000700000000,0x000000071c251f90,0x0000000725980000)
 Metaspace       used 6585K, capacity 7280K, committed 7552K, reserved 1056768K
  class space    used 596K, capacity 616K, committed 640K, reserved 1048576K
Event: 17.096 GC heap after
Heap after GC invocations=15 (full 2):
 PSYoungGen      total 790016K, used 231500K [0x0000000780000000, 0x00000007c0000000, 0x00000007c0000000)
  eden space 558080K, 0% used [0x0000000780000000,0x0000000780000000,0x00000007a2100000)
  from space 231936K, 99% used [0x00000007a2100000,0x00000007b03130c0,0x00000007b0380000)
  to   space 258560K, 0% used [0x00000007b0380000,0x00000007b0380000,0x00000007c0000000)
 ParOldGen       total 615936K, used 461127K [0x0000000700000000, 0x0000000725980000, 0x0000000780000000)
  object space 615936K, 74% used [0x0000000700000000,0x000000071c251f90,0x0000000725980000)
 Metaspace       used 6585K, capacity 7280K, committed 7552K, reserved 1056768K
  class space    used 596K, capacity 616K, committed 640K, reserved 1048576K
}
Event: 18.726 GC heap before
{Heap before GC invocations=16 (full 2):
 PSYoungGen      total 790016K, used 789580K [0x0000000780000000, 0x00000007c0000000, 0x00000007c0000000)
  eden space 558080K, 100% used [0x0000000780000000,0x00000007a2100000,0x00000007a2100000)
  from space 231936K, 99% used [0x00000007a2100000,0x00000007b03130c0,0x00000007b0380000)
  to   space 258560K, 0% used [0x00000007b0380000,0x00000007b0380000,0x00000007c0000000)
 ParOldGen       total 615936K, used 461127K [0x0000000700000000, 0x0000000725980000, 0x0000000780000000)
  object space 615936K, 74% used [0x0000000700000000,0x000000071c251f90,0x0000000725980000)
 Metaspace       used 6586K, capacity 7280K, committed 7552K, reserved 1056768K
  class space    used 596K, capacity 616K, committed 640K, reserved 1048576K
Event: 18.992 GC heap after
Heap after GC invocations=16 (full 2):
 PSYoungGen      total 634368K, used 258535K [0x0000000780000000, 0x00000007c0000000, 0x00000007c0000000)
  eden space 375808K, 0% used [0x0000000780000000,0x0000000780000000,0x0000000796f00000)
  from space 258560K, 99% used [0x00000007b0380000,0x00000007bfff9f30,0x00000007c0000000)
  to   space 336384K, 0% used [0x0000000796f00000,0x0000000796f00000,0x00000007ab780000)
 ParOldGen       total 615936K, used 503304K [0x0000000700000000, 0x0000000725980000, 0x0000000780000000)
  object space 615936K, 81% used [0x0000000700000000,0x000000071eb821e8,0x0000000725980000)
 Metaspace       used 6586K, capacity 7280K, committed 7552K, reserved 1056768K
  class space    used 596K, capacity 616K, committed 640K, reserved 1048576K
}
Event: 19.642 GC heap before
{Heap before GC invocations=17 (full 2):
 PSYoungGen      total 634368K, used 634343K [0x0000000780000000, 0x00000007c0000000, 0x00000007c0000000)
  eden space 375808K, 100% used [0x0000000780000000,0x0000000796f00000,0x0000000796f00000)
  from space 258560K, 99% used [0x00000007b0380000,0x00000007bfff9f30,0x00000007c0000000)
  to   space 336384K, 0% used [0x0000000796f00000,0x0000000796f00000,0x00000007ab780000)
 ParOldGen       total 615936K, used 503304K [0x0000000700000000, 0x0000000725980000, 0x0000000780000000)
  object space 615936K, 81% used [0x0000000700000000,0x000000071eb821e8,0x0000000725980000)
 Metaspace       used 6586K, capacity 7280K, committed 7552K, reserved 1056768K
  class space    used 596K, capacity 616K, committed 640K, reserved 1048576K
Event: 23.699 GC heap after
Heap after GC invocations=17 (full 2):
 PSYoungGen      total 634368K, used 634343K [0x0000000780000000, 0x00000007c0000000, 0x00000007c0000000)
  eden space 375808K, 100% used [0x0000000780000000,0x0000000796f00000,0x0000000796f00000)
  from space 258560K, 99% used [0x00000007b0380000,0x00000007bfff9f30,0x00000007c0000000)
  to   space 336384K, 24% used [0x0000000796f00000,0x000000079be8c688,0x00000007ab780000)
 ParOldGen       total 671744K, used 671471K [0x0000000700000000, 0x0000000729000000, 0x0000000780000000)
  object space 671744K, 99% used [0x0000000700000000,0x0000000728fbbef0,0x0000000729000000)
 Metaspace       used 6586K, capacity 7280K, committed 7552K, reserved 1056768K
  class space    used 596K, capacity 616K, committed 640K, reserved 1048576K
}
Event: 29.972 GC heap before
{Heap before GC invocations=18 (full 3):
 PSYoungGen      total 634368K, used 634343K [0x0000000780000000, 0x00000007c0000000, 0x00000007c0000000)
  eden space 375808K, 100% used [0x0000000780000000,0x0000000796f00000,0x0000000796f00000)
  from space 258560K, 99% used [0x00000007b0380000,0x00000007bfff9f30,0x00000007c0000000)
  to   space 336384K, 24% used [0x0000000796f00000,0x000000079be8c688,0x00000007ab780000)
 ParOldGen       total 671744K, used 671471K [0x0000000700000000, 0x0000000729000000, 0x0000000780000000)
  object space 671744K, 99% used [0x0000000700000000,0x0000000728fbbef0,0x0000000729000000)
 Metaspace       used 6586K, capacity 7280K, committed 7552K, reserved 1056768K
  class space    used 596K, capacity 616K, committed 640K, reserved 1048576K

