# JRE version: OpenJDK Runtime Environment (8.0_76-b03) (build 1.8.0_76-release-b03)
# Java VM: OpenJDK 64-Bit Server VM (25.76-b03 mixed mode linux-amd64 compressed oops)
Heap:
 PSYoungGen      total 793600K, used 111038K [0x0000000780000000, 0x00000007c0000000, 0x00000007c0000000)
  eden space 652288K, 0% used [0x0000000780000000,0x0000000780000000,0x00000007a7d00000)
  from space 141312K, 78% used [0x00000007b7600000,0x00000007be26f9d8,0x00000007c0000000)
  to   space 198144K, 0% used [0x00000007a7d00000,0x00000007a7d00000,0x00000007b3e80000)
 ParOldGen       total 328192K, used 328116K [0x0000000700000000, 0x0000000714080000, 0x0000000780000000)
  object space 328192K, 99% used [0x0000000700000000,0x000000071406d270,0x0000000714080000)
 Metaspace       used 6577K, capacity 7280K, committed 7552K, reserved 1056768K
  class space    used 595K, capacity 616K, committed 640K, reserved 1048576K
GC Heap History (10 events):
Event: 4.773 GC heap after
Heap after GC invocations=7 (full 0):
 PSYoungGen      total 558080K, used 58860K [0x0000000780000000, 0x00000007c0000000, 0x00000007c0000000)
  eden space 499200K, 0% used [0x0000000780000000,0x0000000780000000,0x000000079e780000)
  from space 58880K, 99% used [0x000000079e780000,0x00000007a20fb330,0x00000007a2100000)
  to   space 98304K, 0% used [0x00000007ba000000,0x00000007ba000000,0x00000007c0000000)
 ParOldGen       total 167936K, used 115486K [0x0000000700000000, 0x000000070a400000, 0x0000000780000000)
  object space 167936K, 68% used [0x0000000700000000,0x00000007070c7b30,0x000000070a400000)
 Metaspace       used 6547K, capacity 7280K, committed 7552K, reserved 1056768K
  class space    used 594K, capacity 616K, committed 640K, reserved 1048576K
}
Event: 4.773 GC heap before
{Heap before GC invocations=8 (full 1):
 PSYoungGen      total 558080K, used 58860K [0x0000000780000000, 0x00000007c0000000, 0x00000007c0000000)
  eden space 499200K, 0% used [0x0000000780000000,0x0000000780000000,0x000000079e780000)
  from space 58880K, 99% used [0x000000079e780000,0x00000007a20fb330,0x00000007a2100000)
  to   space 98304K, 0% used [0x00000007ba000000,0x00000007ba000000,0x00000007c0000000)
 ParOldGen       total 167936K, used 115486K [0x0000000700000000, 0x000000070a400000, 0x0000000780000000)
  object space 167936K, 68% used [0x0000000700000000,0x00000007070c7b30,0x000000070a400000)
 Metaspace       used 6547K, capacity 7280K, committed 7552K, reserved 1056768K
  class space    used 594K, capacity 616K, committed 640K, reserved 1048576K
Event: 5.837 GC heap after
Heap after GC invocations=8 (full 1):
 PSYoungGen      total 558080K, used 2014K [0x0000000780000000, 0x00000007c0000000, 0x00000007c0000000)
  eden space 499200K, 0% used [0x0000000780000000,0x0000000780000000,0x000000079e780000)
  from space 58880K, 3% used [0x000000079e780000,0x000000079e977ae8,0x00000007a2100000)
  to   space 98304K, 0% used [0x00000007ba000000,0x00000007ba000000,0x00000007c0000000)
 ParOldGen       total 328192K, used 167655K [0x0000000700000000, 0x0000000714080000, 0x0000000780000000)
  object space 328192K, 51% used [0x0000000700000000,0x000000070a3b9db8,0x0000000714080000)
 Metaspace       used 6547K, capacity 7280K, committed 7552K, reserved 1056768K
  class space    used 594K, capacity 616K, committed 640K, reserved 1048576K
}
Event: 6.718 GC heap before
{Heap before GC invocations=9 (full 1):
 PSYoungGen      total 558080K, used 501214K [0x0000000780000000, 0x00000007c0000000, 0x00000007c0000000)
  eden space 499200K, 100% used [0x0000000780000000,0x000000079e780000,0x000000079e780000)
  from space 58880K, 3% used [0x000000079e780000,0x000000079e977ae8,0x00000007a2100000)
  to   space 98304K, 0% used [0x00000007ba000000,0x00000007ba000000,0x00000007c0000000)
 ParOldGen       total 328192K, used 167655K [0x0000000700000000, 0x0000000714080000, 0x0000000780000000)
  object space 328192K, 51% used [0x0000000700000000,0x000000070a3b9db8,0x0000000714080000)
 Metaspace       used 6557K, capacity 7280K, committed 7552K, reserved 1056768K
  class space    used 595K, capacity 616K, committed 640K, reserved 1048576K
Event: 7.120 GC heap after
Heap after GC invocations=9 (full 1):
 PSYoungGen      total 738816K, used 57231K [0x0000000780000000, 0x00000007bd800000, 0x00000007c0000000)
  eden space 681472K, 0% used [0x0000000780000000,0x0000000780000000,0x00000007a9980000)
  from space 57344K, 99% used [0x00000007ba000000,0x00000007bd7e3fe8,0x00000007bd800000)
  to   space 100352K, 0% used [0x00000007b1400000,0x00000007b1400000,0x00000007b7600000)
 ParOldGen       total 328192K, used 167663K [0x0000000700000000, 0x0000000714080000, 0x0000000780000000)
  object space 328192K, 51% used [0x0000000700000000,0x000000070a3bbdb8,0x0000000714080000)
 Metaspace       used 6557K, capacity 7280K, committed 7552K, reserved 1056768K
  class space    used 595K, capacity 616K, committed 640K, reserved 1048576K
}
Event: 8.910 GC heap before
{Heap before GC invocations=10 (full 1):
 PSYoungGen      total 738816K, used 738703K [0x0000000780000000, 0x00000007bd800000, 0x00000007c0000000)
  eden space 681472K, 100% used [0x0000000780000000,0x00000007a9980000,0x00000007a9980000)
  from space 57344K, 99% used [0x00000007ba000000,0x00000007bd7e3fe8,0x00000007bd800000)
  to   space 100352K, 0% used [0x00000007b1400000,0x00000007b1400000,0x00000007b7600000)
 ParOldGen       total 328192K, used 167663K [0x0000000700000000, 0x0000000714080000, 0x0000000780000000)
  object space 328192K, 51% used [0x0000000700000000,0x000000070a3bbdb8,0x0000000714080000)
 Metaspace       used 6572K, capacity 7280K, committed 7552K, reserved 1056768K
  class space    used 595K, capacity 616K, committed 640K, reserved 1048576K
Event: 9.215 GC heap after
Heap after GC invocations=10 (full 1):
 PSYoungGen      total 907264K, used 100340K [0x0000000780000000, 0x00000007c0000000, 0x00000007c0000000)
  eden space 806912K, 0% used [0x0000000780000000,0x0000000780000000,0x00000007b1400000)
  from space 100352K, 99% used [0x00000007b1400000,0x00000007b75fd348,0x00000007b7600000)
  to   space 141312K, 0% used [0x00000007b7600000,0x00000007b7600000,0x00000007c0000000)
 ParOldGen       total 328192K, used 227726K [0x0000000700000000, 0x0000000714080000, 0x0000000780000000)
  object space 328192K, 69% used [0x0000000700000000,0x000000070de63810,0x0000000714080000)
 Metaspace       used 6572K, capacity 7280K, committed 7552K, reserved 1056768K
  class space    used 595K, capacity 616K, committed 640K, reserved 1048576K
}
Event: 11.792 GC heap before
{Heap before GC invocations=11 (full 1):
 PSYoungGen      total 907264K, used 907252K [0x0000000780000000, 0x00000007c0000000, 0x00000007c0000000)
  eden space 806912K, 100% used [0x0000000780000000,0x00000007b1400000,0x00000007b1400000)
  from space 100352K, 99% used [0x00000007b1400000,0x00000007b75fd348,0x00000007b7600000)
  to   space 141312K, 0% used [0x00000007b7600000,0x00000007b7600000,0x00000007c0000000)
 ParOldGen       total 328192K, used 227726K [0x0000000700000000, 0x0000000714080000, 0x0000000780000000)
  object space 328192K, 69% used [0x0000000700000000,0x000000070de63810,0x0000000714080000)
 Metaspace       used 6577K, capacity 7280K, committed 7552K, reserved 1056768K
  class space    used 595K, capacity 616K, committed 640K, reserved 1048576K
Event: 12.016 GC heap after
Heap after GC invocations=11 (full 1):
 PSYoungGen      total 793600K, used 141286K [0x0000000780000000, 0x00000007c0000000, 0x00000007c0000000)
  eden space 652288K, 0% used [0x0000000780000000,0x0000000780000000,0x00000007a7d00000)
  from space 141312K, 99% used [0x00000007b7600000,0x00000007bfff9ae8,0x00000007c0000000)
  to   space 198144K, 0% used [0x00000007a7d00000,0x00000007a7d00000,0x00000007b3e80000)
 ParOldGen       total 328192K, used 312769K [0x0000000700000000, 0x0000000714080000, 0x0000000780000000)
  object space 328192K, 95% used [0x0000000700000000,0x0000000713170630,0x0000000714080000)
 Metaspace       used 6577K, capacity 7280K, committed 7552K, reserved 1056768K
  class space    used 595K, capacity 616K, committed 640K, reserved 1048576K
}
Event: 12.016 GC heap before
{Heap before GC invocations=12 (full 2):
 PSYoungGen      total 793600K, used 141286K [0x0000000780000000, 0x00000007c0000000, 0x00000007c0000000)
  eden space 652288K, 0% used [0x0000000780000000,0x0000000780000000,0x00000007a7d00000)
  from space 141312K, 99% used [0x00000007b7600000,0x00000007bfff9ae8,0x00000007c0000000)
  to   space 198144K, 0% used [0x00000007a7d00000,0x00000007a7d00000,0x00000007b3e80000)
 ParOldGen       total 328192K, used 312769K [0x0000000700000000, 0x0000000714080000, 0x0000000780000000)
  object space 328192K, 95% used [0x0000000700000000,0x0000000713170630,0x0000000714080000)
 Metaspace       used 6577K, capacity 7280K, committed 7552K, reserved 1056768K
  class space    used 595K, capacity 616K, committed 640K, reserved 1048576K

