# JRE version: OpenJDK Runtime Environment (8.0_76-b03) (build 1.8.0_76-release-b03)
# Java VM: OpenJDK 64-Bit Server VM (25.76-b03 mixed mode linux-amd64 compressed oops)
Heap:
 PSYoungGen      total 814080K, used 164175K [0x0000000780000000, 0x00000007c0000000, 0x00000007c0000000)
  eden space 579584K, 0% used [0x0000000780000000,0x0000000780000000,0x00000007a3600000)
  from space 234496K, 70% used [0x00000007a3600000,0x00000007ad653fa8,0x00000007b1b00000)
  to   space 234496K, 0% used [0x00000007b1b00000,0x00000007b1b00000,0x00000007c0000000)
 ParOldGen       total 599552K, used 599189K [0x0000000700000000, 0x0000000724980000, 0x0000000780000000)
  object space 599552K, 99% used [0x0000000700000000,0x0000000724925418,0x0000000724980000)
 Metaspace       used 6582K, capacity 7280K, committed 7552K, reserved 1056768K
  class space    used 596K, capacity 616K, committed 640K, reserved 1048576K
GC Heap History (10 events):
Event: 15.225 GC heap after
Heap after GC invocations=11 (full 1):
 PSYoungGen      total 727040K, used 122859K [0x0000000780000000, 0x00000007c0000000, 0x00000007c0000000)
  eden space 604160K, 0% used [0x0000000780000000,0x0000000780000000,0x00000007a4e00000)
  from space 122880K, 99% used [0x00000007b8800000,0x00000007bfffade0,0x00000007c0000000)
  to   space 222208K, 0% used [0x00000007a4e00000,0x00000007a4e00000,0x00000007b2700000)
 ParOldGen       total 334336K, used 333632K [0x0000000700000000, 0x0000000714680000, 0x0000000780000000)
  object space 334336K, 99% used [0x0000000700000000,0x00000007145d0398,0x0000000714680000)
 Metaspace       used 6570K, capacity 7280K, committed 7552K, reserved 1056768K
  class space    used 594K, capacity 616K, committed 640K, reserved 1048576K
}
Event: 15.225 GC heap before
{Heap before GC invocations=12 (full 2):
 PSYoungGen      total 727040K, used 122859K [0x0000000780000000, 0x00000007c0000000, 0x00000007c0000000)
  eden space 604160K, 0% used [0x0000000780000000,0x0000000780000000,0x00000007a4e00000)
  from space 122880K, 99% used [0x00000007b8800000,0x00000007bfffade0,0x00000007c0000000)
  to   space 222208K, 0% used [0x00000007a4e00000,0x00000007a4e00000,0x00000007b2700000)
 ParOldGen       total 334336K, used 333632K [0x0000000700000000, 0x0000000714680000, 0x0000000780000000)
  object space 334336K, 99% used [0x0000000700000000,0x00000007145d0398,0x0000000714680000)
 Metaspace       used 6570K, capacity 7280K, committed 7552K, reserved 1056768K
  class space    used 594K, capacity 616K, committed 640K, reserved 1048576K
Event: 16.572 GC heap after
Heap after GC invocations=12 (full 2):
 PSYoungGen      total 727040K, used 112598K [0x0000000780000000, 0x00000007c0000000, 0x00000007c0000000)
  eden space 604160K, 0% used [0x0000000780000000,0x0000000780000000,0x00000007a4e00000)
  from space 122880K, 91% used [0x00000007b8800000,0x00000007bf5f5990,0x00000007c0000000)
  to   space 222208K, 0% used [0x00000007a4e00000,0x00000007a4e00000,0x00000007b2700000)
 ParOldGen       total 599552K, used 334147K [0x0000000700000000, 0x0000000724980000, 0x0000000780000000)
  object space 599552K, 55% used [0x0000000700000000,0x0000000714650e68,0x0000000724980000)
 Metaspace       used 6570K, capacity 7280K, committed 7552K, reserved 1056768K
  class space    used 594K, capacity 616K, committed 640K, reserved 1048576K
}
Event: 17.929 GC heap before
{Heap before GC invocations=13 (full 2):
 PSYoungGen      total 727040K, used 716758K [0x0000000780000000, 0x00000007c0000000, 0x00000007c0000000)
  eden space 604160K, 100% used [0x0000000780000000,0x00000007a4e00000,0x00000007a4e00000)
  from space 122880K, 91% used [0x00000007b8800000,0x00000007bf5f5990,0x00000007c0000000)
  to   space 222208K, 0% used [0x00000007a4e00000,0x00000007a4e00000,0x00000007b2700000)
 ParOldGen       total 599552K, used 334147K [0x0000000700000000, 0x0000000724980000, 0x0000000780000000)
  object space 599552K, 55% used [0x0000000700000000,0x0000000714650e68,0x0000000724980000)
 Metaspace       used 6572K, capacity 7280K, committed 7552K, reserved 1056768K
  class space    used 594K, capacity 616K, committed 640K, reserved 1048576K
Event: 18.214 GC heap after
Heap after GC invocations=13 (full 2):
 PSYoungGen      total 826368K, used 89997K [0x0000000780000000, 0x00000007c0000000, 0x00000007c0000000)
  eden space 604160K, 0% used [0x0000000780000000,0x0000000780000000,0x00000007a4e00000)
  from space 222208K, 40% used [0x00000007a4e00000,0x00000007aa5e3790,0x00000007b2700000)
  to   space 212480K, 0% used [0x00000007b3080000,0x00000007b3080000,0x00000007c0000000)
 ParOldGen       total 599552K, used 447933K [0x0000000700000000, 0x0000000724980000, 0x0000000780000000)
  object space 599552K, 74% used [0x0000000700000000,0x000000071b56f670,0x0000000724980000)
 Metaspace       used 6572K, capacity 7280K, committed 7552K, reserved 1056768K
  class space    used 594K, capacity 616K, committed 640K, reserved 1048576K
}
Event: 19.670 GC heap before
{Heap before GC invocations=14 (full 2):
 PSYoungGen      total 826368K, used 694157K [0x0000000780000000, 0x00000007c0000000, 0x00000007c0000000)
  eden space 604160K, 100% used [0x0000000780000000,0x00000007a4e00000,0x00000007a4e00000)
  from space 222208K, 40% used [0x00000007a4e00000,0x00000007aa5e3790,0x00000007b2700000)
  to   space 212480K, 0% used [0x00000007b3080000,0x00000007b3080000,0x00000007c0000000)
 ParOldGen       total 599552K, used 447933K [0x0000000700000000, 0x0000000724980000, 0x0000000780000000)
  object space 599552K, 74% used [0x0000000700000000,0x000000071b56f670,0x0000000724980000)
 Metaspace       used 6582K, capacity 7280K, committed 7552K, reserved 1056768K
  class space    used 596K, capacity 616K, committed 640K, reserved 1048576K
Event: 19.812 GC heap after
Heap after GC invocations=14 (full 2):
 PSYoungGen      total 792064K, used 173908K [0x0000000780000000, 0x00000007c0000000, 0x00000007c0000000)
  eden space 579584K, 0% used [0x0000000780000000,0x0000000780000000,0x00000007a3600000)
  from space 212480K, 81% used [0x00000007b3080000,0x00000007bda55090,0x00000007c0000000)
  to   space 234496K, 0% used [0x00000007a3600000,0x00000007a3600000,0x00000007b1b00000)
 ParOldGen       total 599552K, used 447933K [0x0000000700000000, 0x0000000724980000, 0x0000000780000000)
  object space 599552K, 74% used [0x0000000700000000,0x000000071b56f670,0x0000000724980000)
 Metaspace       used 6582K, capacity 7280K, committed 7552K, reserved 1056768K
  class space    used 596K, capacity 616K, committed 640K, reserved 1048576K
}
Event: 22.502 GC heap before
{Heap before GC invocations=15 (full 2):
 PSYoungGen      total 792064K, used 753492K [0x0000000780000000, 0x00000007c0000000, 0x00000007c0000000)
  eden space 579584K, 100% used [0x0000000780000000,0x00000007a3600000,0x00000007a3600000)
  from space 212480K, 81% used [0x00000007b3080000,0x00000007bda55090,0x00000007c0000000)
  to   space 234496K, 0% used [0x00000007a3600000,0x00000007a3600000,0x00000007b1b00000)
 ParOldGen       total 599552K, used 447933K [0x0000000700000000, 0x0000000724980000, 0x0000000780000000)
  object space 599552K, 74% used [0x0000000700000000,0x000000071b56f670,0x0000000724980000)
 Metaspace       used 6582K, capacity 7280K, committed 7552K, reserved 1056768K
  class space    used 596K, capacity 616K, committed 640K, reserved 1048576K
Event: 22.708 GC heap after
Heap after GC invocations=15 (full 2):
 PSYoungGen      total 814080K, used 234470K [0x0000000780000000, 0x00000007c0000000, 0x00000007c0000000)
  eden space 579584K, 0% used [0x0000000780000000,0x0000000780000000,0x00000007a3600000)
  from space 234496K, 99% used [0x00000007a3600000,0x00000007b1af99a8,0x00000007b1b00000)
  to   space 234496K, 0% used [0x00000007b1b00000,0x00000007b1b00000,0x00000007c0000000)
 ParOldGen       total 599552K, used 541587K [0x0000000700000000, 0x0000000724980000, 0x0000000780000000)
  object space 599552K, 90% used [0x0000000700000000,0x00000007210e4cd8,0x0000000724980000)
 Metaspace       used 6582K, capacity 7280K, committed 7552K, reserved 1056768K
  class space    used 596K, capacity 616K, committed 640K, reserved 1048576K
}
Event: 22.708 GC heap before
{Heap before GC invocations=16 (full 3):
 PSYoungGen      total 814080K, used 234470K [0x0000000780000000, 0x00000007c0000000, 0x00000007c0000000)
  eden space 579584K, 0% used [0x0000000780000000,0x0000000780000000,0x00000007a3600000)
  from space 234496K, 99% used [0x00000007a3600000,0x00000007b1af99a8,0x00000007b1b00000)
  to   space 234496K, 0% used [0x00000007b1b00000,0x00000007b1b00000,0x00000007c0000000)
 ParOldGen       total 599552K, used 541587K [0x0000000700000000, 0x0000000724980000, 0x0000000780000000)
  object space 599552K, 90% used [0x0000000700000000,0x00000007210e4cd8,0x0000000724980000)
 Metaspace       used 6582K, capacity 7280K, committed 7552K, reserved 1056768K
  class space    used 596K, capacity 616K, committed 640K, reserved 1048576K

